<?xml version="1.0" encoding="UTF-8"?>
<!-- Generated by org.testng.reporters.JUnitReportReporter -->
<testsuite hostname="DESKTOP-19MK4S1" failures="0" tests="1" name="com.luma.qspiders.endtoendtest.LumaMenSectionCart" time="63.423" errors="0" timestamp="2023-04-19T19:41:03 IST" skipped="0">
  <testcase classname="com.luma.qspiders.endtoendtest.LumaMenSectionCart" name="menSectionCart" time="63.423"/>
  <system-out/>
</testsuite> <!-- com.luma.qspiders.endtoendtest.LumaMenSectionCart -->
