<?xml version="1.0" encoding="UTF-8"?>
<!-- Generated by org.testng.reporters.JUnitReportReporter -->
<testsuite hostname="DESKTOP-19MK4S1" failures="0" tests="6" name="general.ExcelToDataProviderClass" time="0.022" errors="0" timestamp="2024-09-30T06:22:21 IST" skipped="0">
  <testcase classname="general.ExcelToDataProviderClass" name="runData" time="0.003"/>
  <system-out/>
  <testcase classname="general.ExcelToDataProviderClass" name="runData" time="0.001"/>
  <system-out/>
  <testcase classname="general.ExcelToDataProviderClass" name="runData" time="0.002"/>
  <system-out/>
  <testcase classname="general.ExcelToDataProviderClass" name="runData" time="0.002"/>
  <system-out/>
  <testcase classname="general.ExcelToDataProviderClass" name="runData" time="0.012"/>
  <system-out/>
  <testcase classname="general.ExcelToDataProviderClass" name="runData" time="0.002"/>
  <system-out/>
</testsuite> <!-- general.ExcelToDataProviderClass -->
