<?xml version="1.0" encoding="UTF-8"?>
<!-- Generated by org.testng.reporters.JUnitReportReporter -->
<testsuite hostname="DESKTOP-19MK4S1" failures="0" tests="7" name="com.luma.qspiders.endtoendtest.LumaTestCase" time="16.386" errors="0" timestamp="2024-09-17T13:53:17 IST" skipped="6">
  <testcase classname="com.luma.qspiders.endtoendtest.LumaTestCase" name="homePageCheck" time="16.386"/>
  <system-out/>
  <testcase classname="com.luma.qspiders.endtoendtest.LumaTestCase" name="productRemoving">
    <skipped/>
  </testcase> <!-- productRemoving -->
  <system-out/>
  <testcase classname="com.luma.qspiders.endtoendtest.LumaTestCase" name="profileSection">
    <skipped/>
  </testcase> <!-- profileSection -->
  <system-out/>
  <testcase classname="com.luma.qspiders.endtoendtest.LumaTestCase" name="lumaWishListToCartCheck">
    <skipped/>
  </testcase> <!-- lumaWishListToCartCheck -->
  <system-out/>
  <testcase classname="com.luma.qspiders.endtoendtest.LumaTestCase" name="lumaCompareProducts">
    <skipped/>
  </testcase> <!-- lumaCompareProducts -->
  <system-out/>
  <testcase classname="com.luma.qspiders.endtoendtest.LumaTestCase" name="lumaPrintPrices">
    <skipped/>
  </testcase> <!-- lumaPrintPrices -->
  <system-out/>
  <testcase classname="com.luma.qspiders.endtoendtest.LumaTestCase" name="lumaApplyFilterToProduct">
    <skipped/>
  </testcase> <!-- lumaApplyFilterToProduct -->
  <system-out/>
</testsuite> <!-- com.luma.qspiders.endtoendtest.LumaTestCase -->
